{"/Users/stephen/js-practice/challenges/week1/7-firstFiveItemsInList.js": {"path":"/Users/stephen/js-practice/challenges/week1/7-firstFiveItemsInList.js","statementMap":{"0":{"start":{"line":6,"column":40},"end":{"line":13,"column":1}},"1":{"start":{"line":8,"column":2},"end":{"line":10,"column":3}},"2":{"start":{"line":9,"column":4},"end":{"line":9,"column":35}},"3":{"start":{"line":12,"column":2},"end":{"line":12,"column":26}}},"fnMap":{"0":{"name":"(anonymous_0)","decl":{"start":{"line":6,"column":40},"end":{"line":6,"column":41}},"loc":{"start":{"line":6,"column":50},"end":{"line":13,"column":1}},"line":6}},"branchMap":{"0":{"loc":{"start":{"line":8,"column":2},"end":{"line":10,"column":3}},"type":"if","locations":[{"start":{"line":8,"column":2},"end":{"line":10,"column":3}},{"start":{},"end":{}}],"line":8},"1":{"loc":{"start":{"line":8,"column":6},"end":{"line":8,"column":42}},"type":"binary-expr","locations":[{"start":{"line":8,"column":6},"end":{"line":8,"column":26}},{"start":{"line":8,"column":30},"end":{"line":8,"column":42}}],"line":8}},"s":{"0":1,"1":4,"2":2,"3":2},"f":{"0":4},"b":{"0":[2,2],"1":[4,2]},"_coverageSchema":"1a1c01bbd47fc00a2c39e90264f33305004495a9","hash":"46a1e5ccf71fef963b4b08e67c1acd6aa8d97f76"}
}
