{"/Users/stephen/js-practice/today.js": {"path":"/Users/stephen/js-practice/today.js","statementMap":{"0":{"start":{"line":6,"column":25},"end":{"line":8,"column":1}}},"fnMap":{"0":{"name":"(anonymous_0)","decl":{"start":{"line":6,"column":25},"end":{"line":6,"column":26}},"loc":{"start":{"line":6,"column":35},"end":{"line":8,"column":1}},"line":6}},"branchMap":{},"s":{"0":1},"f":{"0":3},"b":{},"_coverageSchema":"1a1c01bbd47fc00a2c39e90264f33305004495a9","hash":"5eb39e54b3b107d2d972c1d42ab63ec3bd7c21ae"}
}
